Using pre-set license
Built from '2020.3/staging' branch; Version is '2020.3.0f1 (c7b5465681fb) revision 13088070'; Using compiler version '192528614'; Build Type 'Release'
OS: 'Windows 10 Pro; OS build 19042.867; Version 2009; 64bit' Language: 'en' Physical Memory: 8140 MB
BatchMode: 1, IsHumanControllingUs: 0, StartBugReporterOnCrash: 0, Is64bit: 1, IsPro: 0

 COMMAND LINE ARGUMENTS:
C:\Program Files\Unity\Hub\Editor\2020.3.0f1\Editor\Unity.exe
-adb2
-batchMode
-noUpm
-name
AssetImportWorker0
-projectPath
C:/Users/rodri/Patrick Runner
-logFile
Logs/AssetImportWorker0.log
-srvPort
57521
Successfully changed project path to: C:/Users/rodri/Patrick Runner
C:/Users/rodri/Patrick Runner
Using Asset Import Pipeline V2.
Refreshing native plugins compatible for Editor in 138.33 ms, found 0 plugins.
Preloading 0 native plugins for Editor in 0.00 ms.
Initialize engine version: 2020.3.0f1 (c7b5465681fb)
[Subsystems] Discovering subsystems at path C:/Program Files/Unity/Hub/Editor/2020.3.0f1/Editor/Data/Resources/UnitySubsystems
[Subsystems] Discovering subsystems at path C:/Users/rodri/Patrick Runner/Assets
GfxDevice: creating device client; threaded=0
Direct3D:
    Version:  Direct3D 11.0 [level 11.1]
    Renderer: NVIDIA GeForce GTX 1060 3GB (ID=0x1c02)
    Vendor:   
    VRAM:     2988 MB
    Driver:   27.21.14.6140
Initialize mono
Mono path[0] = 'C:/Program Files/Unity/Hub/Editor/2020.3.0f1/Editor/Data/Managed'
Mono path[1] = 'C:/Program Files/Unity/Hub/Editor/2020.3.0f1/Editor/Data/MonoBleedingEdge/lib/mono/unityjit'
Mono config path = 'C:/Program Files/Unity/Hub/Editor/2020.3.0f1/Editor/Data/MonoBleedingEdge/etc'
Using monoOptions --debugger-agent=transport=dt_socket,embedding=1,server=y,suspend=n,address=127.0.0.1:56796
Begin MonoManager ReloadAssembly
Registering precompiled unity dll's ...
Register platform support module: C:/Program Files/Unity/Hub/Editor/2020.3.0f1/Editor/Data/PlaybackEngines/WebGLSupport/UnityEditor.WebGL.Extensions.dll
Register platform support module: C:/Program Files/Unity/Hub/Editor/2020.3.0f1/Editor/Data/PlaybackEngines/WindowsStandaloneSupport/UnityEditor.WindowsStandalone.Extensions.dll
Registered in 0.007086 seconds.
Native extension for WindowsStandalone target not found
Native extension for WebGL target not found
Refreshing native plugins compatible for Editor in 124.98 ms, found 0 plugins.
Preloading 0 native plugins for Editor in 0.00 ms.
Invoked RoslynAnalysisRunner static constructor.
RoslynAnalysisRunner will not be running.
RoslynAnalysisRunner has terminated.
Mono: successfully reloaded assembly
- Completed reload, in  4.761 seconds
Platform modules already initialized, skipping
Registering precompiled user dll's ...
Registered in 0.003829 seconds.
Begin MonoManager ReloadAssembly
Native extension for WindowsStandalone target not found
Native extension for WebGL target not found
Refreshing native plugins compatible for Editor in 0.37 ms, found 0 plugins.
Preloading 0 native plugins for Editor in 0.00 ms.
Invoked RoslynAnalysisRunner static constructor.
RoslynAnalysisRunner will not be running.
RoslynAnalysisRunner has terminated.
Mono: successfully reloaded assembly
- Completed reload, in  3.252 seconds
Platform modules already initialized, skipping
========================================================================
Worker process is ready to serve import requests
Launched and connected shader compiler UnityShaderCompiler.exe after 0.22 seconds
Refreshing native plugins compatible for Editor in 1.08 ms, found 0 plugins.
Preloading 0 native plugins for Editor in 0.00 ms.
Unloading 1266 Unused Serialized files (Serialized files now loaded: 0)
System memory in use before: 62.7 MB.
System memory in use after: 62.7 MB.

Unloading 11 unused Assets to reduce memory usage. Loaded Objects now: 1716.
Total: 6.080100 ms (FindLiveObjects: 0.806600 ms CreateObjectMapping: 0.387000 ms MarkObjects: 4.297800 ms  DeleteObjects: 0.583600 ms)

========================================================================
Received Import Request.
  path: Assets/Prefabs/Obstacle2.prefab
  artifactKey: Guid(f9ebc763d423fc9469c79e3846582360) Importer(815301076,1909f56bfc062723c751e8b465ee728b)
Start importing Assets/Prefabs/Obstacle2.prefab using Guid(f9ebc763d423fc9469c79e3846582360) Importer(815301076,1909f56bfc062723c751e8b465ee728b)  -> (artifact id: '5246818432c4e7d1b710f8a7799354a9') in 0.417265 seconds
  Import took 0.425580 seconds .

========================================================================
Received Import Request.
  Time since last request: 0.001176 seconds.
  path: Assets/Skybox/Sky.mat
  artifactKey: Guid(ebb8c31b1c649f04f8699da6e064456d) Importer(815301076,1909f56bfc062723c751e8b465ee728b)
Start importing Assets/Skybox/Sky.mat using Guid(ebb8c31b1c649f04f8699da6e064456d) Importer(815301076,1909f56bfc062723c751e8b465ee728b)  -> (artifact id: '94db3b176a8396553c4cece46f2caad3') in 0.194547 seconds
  Import took 0.203378 seconds .

========================================================================
Received Import Request.
  Time since last request: 9.078797 seconds.
  path: Assets/Images
  artifactKey: Guid(4628ec7fc9c4dc546a20025e89d44f0f) Importer(815301076,1909f56bfc062723c751e8b465ee728b)
Start importing Assets/Images using Guid(4628ec7fc9c4dc546a20025e89d44f0f) Importer(815301076,1909f56bfc062723c751e8b465ee728b)  -> (artifact id: 'e08b0783285a9c6e267363e42bc68391') in 0.005911 seconds
  Import took 0.017369 seconds .

========================================================================
Received Import Request.
  Time since last request: 79.400773 seconds.
  path: Assets/Images/patrick_game_over.png
  artifactKey: Guid(183f5f11218e6734c8456c0c0abb5a5a) Importer(815301076,1909f56bfc062723c751e8b465ee728b)
Start importing Assets/Images/patrick_game_over.png using Guid(183f5f11218e6734c8456c0c0abb5a5a) Importer(815301076,1909f56bfc062723c751e8b465ee728b)  -> (artifact id: '3fc9f812bd1b3ee7d7f82ddd9136ca7d') in 0.294086 seconds
  Import took 0.300324 seconds .

========================================================================
Received Prepare
Registering precompiled user dll's ...
Registered in 0.002573 seconds.
Begin MonoManager ReloadAssembly
Native extension for WindowsStandalone target not found
Native extension for WebGL target not found
Refreshing native plugins compatible for Editor in 0.40 ms, found 0 plugins.
Preloading 0 native plugins for Editor in 0.00 ms.
Invoked RoslynAnalysisRunner static constructor.
RoslynAnalysisRunner will not be running.
RoslynAnalysisRunner has terminated.
Mono: successfully reloaded assembly
- Completed reload, in  6.270 seconds
Platform modules already initialized, skipping
Refreshing native plugins compatible for Editor in 0.62 ms, found 0 plugins.
Preloading 0 native plugins for Editor in 0.00 ms.
Unloading 1261 Unused Serialized files (Serialized files now loaded: 0)
System memory in use before: 66.0 MB.
System memory in use after: 66.1 MB.

Unloading 6 unused Assets to reduce memory usage. Loaded Objects now: 1763.
Total: 6.288400 ms (FindLiveObjects: 0.747400 ms CreateObjectMapping: 0.142700 ms MarkObjects: 5.233400 ms  DeleteObjects: 0.161900 ms)

========================================================================
Received Import Request.
  Time since last request: 785.357395 seconds.
  path: Assets/PlayerCollision.cs
  artifactKey: Guid(88c56adb7624b654182d136cb5d537e8) Importer(815301076,1909f56bfc062723c751e8b465ee728b)
Start importing Assets/PlayerCollision.cs using Guid(88c56adb7624b654182d136cb5d537e8) Importer(815301076,1909f56bfc062723c751e8b465ee728b)  -> (artifact id: '34f523b341e072e036c0f56d3d04940d') in 0.084501 seconds
  Import took 0.092127 seconds .

========================================================================
Received Prepare
Registering precompiled user dll's ...
Registered in 0.001984 seconds.
Begin MonoManager ReloadAssembly
Native extension for WindowsStandalone target not found
Native extension for WebGL target not found
Refreshing native plugins compatible for Editor in 0.61 ms, found 0 plugins.
Preloading 0 native plugins for Editor in 0.00 ms.
Invoked RoslynAnalysisRunner static constructor.
RoslynAnalysisRunner will not be running.
RoslynAnalysisRunner has terminated.
Mono: successfully reloaded assembly
- Completed reload, in  3.422 seconds
Platform modules already initialized, skipping
Refreshing native plugins compatible for Editor in 0.74 ms, found 0 plugins.
Preloading 0 native plugins for Editor in 0.00 ms.
Unloading 1261 Unused Serialized files (Serialized files now loaded: 0)
System memory in use before: 66.0 MB.
System memory in use after: 66.1 MB.

Unloading 6 unused Assets to reduce memory usage. Loaded Objects now: 1767.
Total: 5.112100 ms (FindLiveObjects: 0.417200 ms CreateObjectMapping: 0.097800 ms MarkObjects: 4.493100 ms  DeleteObjects: 0.101500 ms)

========================================================================
Received Prepare
Registering precompiled user dll's ...
Registered in 0.001392 seconds.
Begin MonoManager ReloadAssembly
Native extension for WindowsStandalone target not found
Native extension for WebGL target not found
Refreshing native plugins compatible for Editor in 0.49 ms, found 0 plugins.
Preloading 0 native plugins for Editor in 0.00 ms.
Invoked RoslynAnalysisRunner static constructor.
RoslynAnalysisRunner will not be running.
RoslynAnalysisRunner has terminated.
Mono: successfully reloaded assembly
- Completed reload, in  2.591 seconds
Platform modules already initialized, skipping
Refreshing native plugins compatible for Editor in 0.38 ms, found 0 plugins.
Preloading 0 native plugins for Editor in 0.00 ms.
Unloading 1261 Unused Serialized files (Serialized files now loaded: 0)
System memory in use before: 66.0 MB.
System memory in use after: 66.1 MB.

Unloading 6 unused Assets to reduce memory usage. Loaded Objects now: 1770.
Total: 11.210900 ms (FindLiveObjects: 0.411100 ms CreateObjectMapping: 0.144800 ms MarkObjects: 10.550000 ms  DeleteObjects: 0.102100 ms)

========================================================================
Received Import Request.
  Time since last request: 22.841879 seconds.
  path: Assets/GameOverScreen.cs
  artifactKey: Guid(2e8dc92eb2293d74095ffa0ee52cc4b7) Importer(815301076,1909f56bfc062723c751e8b465ee728b)
Start importing Assets/GameOverScreen.cs using Guid(2e8dc92eb2293d74095ffa0ee52cc4b7) Importer(815301076,1909f56bfc062723c751e8b465ee728b)  -> (artifact id: 'aec46f7f64d496724ae2d0f0474cae7a') in 0.012460 seconds
  Import took 0.017888 seconds .

========================================================================
Received Prepare
Registering precompiled user dll's ...
Registered in 0.004824 seconds.
Begin MonoManager ReloadAssembly
Native extension for WindowsStandalone target not found
Native extension for WebGL target not found
Refreshing native plugins compatible for Editor in 0.64 ms, found 0 plugins.
Preloading 0 native plugins for Editor in 0.00 ms.
Invoked RoslynAnalysisRunner static constructor.
RoslynAnalysisRunner will not be running.
RoslynAnalysisRunner has terminated.
Mono: successfully reloaded assembly
- Completed reload, in  3.879 seconds
Platform modules already initialized, skipping
Refreshing native plugins compatible for Editor in 0.61 ms, found 0 plugins.
Preloading 0 native plugins for Editor in 0.00 ms.
Unloading 1261 Unused Serialized files (Serialized files now loaded: 0)
System memory in use before: 66.1 MB.
System memory in use after: 66.1 MB.

Unloading 6 unused Assets to reduce memory usage. Loaded Objects now: 1773.
Total: 3.818100 ms (FindLiveObjects: 0.423900 ms CreateObjectMapping: 0.108900 ms MarkObjects: 3.194400 ms  DeleteObjects: 0.088700 ms)

========================================================================
Received Import Request.
  Time since last request: 44.103438 seconds.
  path: Assets/Scripts/Score.cs
  artifactKey: Guid(62322420ebb1e20468c3daaa07c4ac89) Importer(815301076,1909f56bfc062723c751e8b465ee728b)
Start importing Assets/Scripts/Score.cs using Guid(62322420ebb1e20468c3daaa07c4ac89) Importer(815301076,1909f56bfc062723c751e8b465ee728b)  -> (artifact id: '537d4715d73c7821bb5625e13a02f0c1') in 0.837456 seconds
  Import took 0.999491 seconds .

========================================================================
Received Import Request.
  Time since last request: 217.687046 seconds.
  path: Assets/Scripts/GameOverScreen.cs
  artifactKey: Guid(2e8dc92eb2293d74095ffa0ee52cc4b7) Importer(815301076,1909f56bfc062723c751e8b465ee728b)
Start importing Assets/Scripts/GameOverScreen.cs using Guid(2e8dc92eb2293d74095ffa0ee52cc4b7) Importer(815301076,1909f56bfc062723c751e8b465ee728b)  -> (artifact id: 'f08fe49c9b537dadec3c4398811e8ead') in 0.019785 seconds
  Import took 0.082006 seconds .

========================================================================
Received Prepare
Registering precompiled user dll's ...
Registered in 0.001690 seconds.
Begin MonoManager ReloadAssembly
Native extension for WindowsStandalone target not found
Native extension for WebGL target not found
Refreshing native plugins compatible for Editor in 0.43 ms, found 0 plugins.
Preloading 0 native plugins for Editor in 0.00 ms.
Invoked RoslynAnalysisRunner static constructor.
RoslynAnalysisRunner will not be running.
RoslynAnalysisRunner has terminated.
Mono: successfully reloaded assembly
- Completed reload, in  2.229 seconds
Platform modules already initialized, skipping
Refreshing native plugins compatible for Editor in 0.40 ms, found 0 plugins.
Preloading 0 native plugins for Editor in 0.00 ms.
Unloading 1261 Unused Serialized files (Serialized files now loaded: 0)
System memory in use before: 66.1 MB.
System memory in use after: 66.1 MB.

Unloading 6 unused Assets to reduce memory usage. Loaded Objects now: 1776.
Total: 3.116200 ms (FindLiveObjects: 0.374800 ms CreateObjectMapping: 0.094100 ms MarkObjects: 2.562700 ms  DeleteObjects: 0.082300 ms)

========================================================================
Received Prepare
Registering precompiled user dll's ...
Registered in 0.002407 seconds.
Begin MonoManager ReloadAssembly
Native extension for WindowsStandalone target not found
Native extension for WebGL target not found
Refreshing native plugins compatible for Editor in 0.42 ms, found 0 plugins.
Preloading 0 native plugins for Editor in 0.00 ms.
Invoked RoslynAnalysisRunner static constructor.
RoslynAnalysisRunner will not be running.
RoslynAnalysisRunner has terminated.
Mono: successfully reloaded assembly
- Completed reload, in  2.690 seconds
Platform modules already initialized, skipping
Refreshing native plugins compatible for Editor in 0.50 ms, found 0 plugins.
Preloading 0 native plugins for Editor in 0.00 ms.
Unloading 1261 Unused Serialized files (Serialized files now loaded: 0)
System memory in use before: 66.1 MB.
System memory in use after: 66.2 MB.

Unloading 6 unused Assets to reduce memory usage. Loaded Objects now: 1779.
Total: 5.447900 ms (FindLiveObjects: 0.825800 ms CreateObjectMapping: 0.394600 ms MarkObjects: 4.128000 ms  DeleteObjects: 0.097500 ms)

========================================================================
Received Prepare
Registering precompiled user dll's ...
Registered in 0.003568 seconds.
Begin MonoManager ReloadAssembly
Native extension for WindowsStandalone target not found
Native extension for WebGL target not found
Refreshing native plugins compatible for Editor in 0.38 ms, found 0 plugins.
Preloading 0 native plugins for Editor in 0.00 ms.
Invoked RoslynAnalysisRunner static constructor.
RoslynAnalysisRunner will not be running.
RoslynAnalysisRunner has terminated.
Mono: successfully reloaded assembly
- Completed reload, in  3.369 seconds
Platform modules already initialized, skipping
Refreshing native plugins compatible for Editor in 0.86 ms, found 0 plugins.
Preloading 0 native plugins for Editor in 0.00 ms.
Unloading 1261 Unused Serialized files (Serialized files now loaded: 0)
System memory in use before: 66.1 MB.
System memory in use after: 66.2 MB.

Unloading 6 unused Assets to reduce memory usage. Loaded Objects now: 1782.
Total: 13.871900 ms (FindLiveObjects: 0.497700 ms CreateObjectMapping: 0.176900 ms MarkObjects: 13.003100 ms  DeleteObjects: 0.191200 ms)

========================================================================
Received Prepare
Registering precompiled user dll's ...
Registered in 0.001488 seconds.
Begin MonoManager ReloadAssembly
Native extension for WindowsStandalone target not found
Native extension for WebGL target not found
Refreshing native plugins compatible for Editor in 0.45 ms, found 0 plugins.
Preloading 0 native plugins for Editor in 0.00 ms.
Invoked RoslynAnalysisRunner static constructor.
RoslynAnalysisRunner will not be running.
RoslynAnalysisRunner has terminated.
Mono: successfully reloaded assembly
- Completed reload, in  3.151 seconds
Platform modules already initialized, skipping
Refreshing native plugins compatible for Editor in 0.39 ms, found 0 plugins.
Preloading 0 native plugins for Editor in 0.00 ms.
Unloading 1261 Unused Serialized files (Serialized files now loaded: 0)
System memory in use before: 66.1 MB.
System memory in use after: 66.2 MB.

Unloading 6 unused Assets to reduce memory usage. Loaded Objects now: 1785.
Total: 4.808100 ms (FindLiveObjects: 0.398800 ms CreateObjectMapping: 0.117700 ms MarkObjects: 4.141400 ms  DeleteObjects: 0.148000 ms)

========================================================================
Received Import Request.
  Time since last request: 711.515553 seconds.
  path: Assets/Scripts/GameManager.cs
  artifactKey: Guid(a6f36ec0876cafc4a985cbbde4c5f7cc) Importer(815301076,1909f56bfc062723c751e8b465ee728b)
Start importing Assets/Scripts/GameManager.cs using Guid(a6f36ec0876cafc4a985cbbde4c5f7cc) Importer(815301076,1909f56bfc062723c751e8b465ee728b)  -> (artifact id: '898ce1a96b3d84b190749d6637c6db41') in 0.026866 seconds
  Import took 0.032793 seconds .

========================================================================
Received Prepare
Registering precompiled user dll's ...
Registered in 0.001685 seconds.
Begin MonoManager ReloadAssembly
Native extension for WindowsStandalone target not found
Native extension for WebGL target not found
Refreshing native plugins compatible for Editor in 0.56 ms, found 0 plugins.
Preloading 0 native plugins for Editor in 0.00 ms.
Invoked RoslynAnalysisRunner static constructor.
RoslynAnalysisRunner will not be running.
RoslynAnalysisRunner has terminated.
Mono: successfully reloaded assembly
- Completed reload, in  2.930 seconds
Platform modules already initialized, skipping
Refreshing native plugins compatible for Editor in 0.54 ms, found 0 plugins.
Preloading 0 native plugins for Editor in 0.00 ms.
Unloading 1261 Unused Serialized files (Serialized files now loaded: 0)
System memory in use before: 66.1 MB.
System memory in use after: 66.2 MB.

Unloading 6 unused Assets to reduce memory usage. Loaded Objects now: 1788.
Total: 4.237100 ms (FindLiveObjects: 0.744200 ms CreateObjectMapping: 0.321800 ms MarkObjects: 3.055000 ms  DeleteObjects: 0.112800 ms)

========================================================================
Received Prepare
Registering precompiled user dll's ...
Registered in 0.003728 seconds.
Begin MonoManager ReloadAssembly
Native extension for WindowsStandalone target not found
Native extension for WebGL target not found
Refreshing native plugins compatible for Editor in 0.44 ms, found 0 plugins.
Preloading 0 native plugins for Editor in 0.00 ms.
Invoked RoslynAnalysisRunner static constructor.
RoslynAnalysisRunner will not be running.
RoslynAnalysisRunner has terminated.
Mono: successfully reloaded assembly
- Completed reload, in  3.124 seconds
Platform modules already initialized, skipping
Refreshing native plugins compatible for Editor in 0.54 ms, found 0 plugins.
Preloading 0 native plugins for Editor in 0.00 ms.
Unloading 1261 Unused Serialized files (Serialized files now loaded: 0)
System memory in use before: 66.1 MB.
System memory in use after: 66.2 MB.

Unloading 6 unused Assets to reduce memory usage. Loaded Objects now: 1791.
Total: 14.588800 ms (FindLiveObjects: 0.524800 ms CreateObjectMapping: 0.118100 ms MarkObjects: 13.825400 ms  DeleteObjects: 0.117300 ms)

========================================================================
Received Prepare
Registering precompiled user dll's ...
Registered in 0.018408 seconds.
Begin MonoManager ReloadAssembly
Native extension for WindowsStandalone target not found
Native extension for WebGL target not found
Refreshing native plugins compatible for Editor in 1.06 ms, found 0 plugins.
Preloading 0 native plugins for Editor in 0.00 ms.
Invoked RoslynAnalysisRunner static constructor.
RoslynAnalysisRunner will not be running.
RoslynAnalysisRunner has terminated.
Mono: successfully reloaded assembly
- Completed reload, in  3.663 seconds
Platform modules already initialized, skipping
Refreshing native plugins compatible for Editor in 6.38 ms, found 0 plugins.
Preloading 0 native plugins for Editor in 0.00 ms.
Unloading 1261 Unused Serialized files (Serialized files now loaded: 0)
System memory in use before: 66.1 MB.
System memory in use after: 66.2 MB.

Unloading 6 unused Assets to reduce memory usage. Loaded Objects now: 1794.
Total: 4.689700 ms (FindLiveObjects: 0.371700 ms CreateObjectMapping: 0.103800 ms MarkObjects: 4.106900 ms  DeleteObjects: 0.105000 ms)

========================================================================
Received Import Request.
  Time since last request: 538.167092 seconds.
  path: Assets/Scripts/PlayerCamera.cs
  artifactKey: Guid(56c69f378940a1c4e93a67bd61760933) Importer(815301076,1909f56bfc062723c751e8b465ee728b)
Start importing Assets/Scripts/PlayerCamera.cs using Guid(56c69f378940a1c4e93a67bd61760933) Importer(815301076,1909f56bfc062723c751e8b465ee728b)  -> (artifact id: '0e800f2fe47f27a3b0fa6c7adfd06867') in 0.080388 seconds
  Import took 0.120355 seconds .

========================================================================
Received Prepare
Registering precompiled user dll's ...
Registered in 0.001724 seconds.
Begin MonoManager ReloadAssembly
Native extension for WindowsStandalone target not found
Native extension for WebGL target not found
Refreshing native plugins compatible for Editor in 0.62 ms, found 0 plugins.
Preloading 0 native plugins for Editor in 0.00 ms.
Invoked RoslynAnalysisRunner static constructor.
RoslynAnalysisRunner will not be running.
RoslynAnalysisRunner has terminated.
Mono: successfully reloaded assembly
- Completed reload, in  3.140 seconds
Platform modules already initialized, skipping
Refreshing native plugins compatible for Editor in 0.43 ms, found 0 plugins.
Preloading 0 native plugins for Editor in 0.00 ms.
Unloading 1261 Unused Serialized files (Serialized files now loaded: 0)
System memory in use before: 66.1 MB.
System memory in use after: 66.2 MB.

Unloading 6 unused Assets to reduce memory usage. Loaded Objects now: 1797.
Total: 3.451700 ms (FindLiveObjects: 0.340300 ms CreateObjectMapping: 0.095300 ms MarkObjects: 2.933600 ms  DeleteObjects: 0.080400 ms)

========================================================================
Received Prepare
Registering precompiled user dll's ...
Registered in 0.002744 seconds.
Begin MonoManager ReloadAssembly
Native extension for WindowsStandalone target not found
Native extension for WebGL target not found
Refreshing native plugins compatible for Editor in 0.47 ms, found 0 plugins.
Preloading 0 native plugins for Editor in 0.00 ms.
Invoked RoslynAnalysisRunner static constructor.
RoslynAnalysisRunner will not be running.
RoslynAnalysisRunner has terminated.
Mono: successfully reloaded assembly
- Completed reload, in  3.282 seconds
Platform modules already initialized, skipping
Refreshing native plugins compatible for Editor in 0.57 ms, found 0 plugins.
Preloading 0 native plugins for Editor in 0.00 ms.
Unloading 1261 Unused Serialized files (Serialized files now loaded: 0)
System memory in use before: 66.1 MB.
System memory in use after: 66.2 MB.

Unloading 6 unused Assets to reduce memory usage. Loaded Objects now: 1800.
Total: 10.733400 ms (FindLiveObjects: 2.024600 ms CreateObjectMapping: 2.223600 ms MarkObjects: 5.037400 ms  DeleteObjects: 1.444000 ms)

========================================================================
Received Prepare
Registering precompiled user dll's ...
Registered in 0.010508 seconds.
Begin MonoManager ReloadAssembly
Native extension for WindowsStandalone target not found
Native extension for WebGL target not found
Refreshing native plugins compatible for Editor in 0.92 ms, found 0 plugins.
Preloading 0 native plugins for Editor in 0.00 ms.
Invoked RoslynAnalysisRunner static constructor.
RoslynAnalysisRunner will not be running.
RoslynAnalysisRunner has terminated.
Mono: successfully reloaded assembly
- Completed reload, in  3.426 seconds
Platform modules already initialized, skipping
Refreshing native plugins compatible for Editor in 0.53 ms, found 0 plugins.
Preloading 0 native plugins for Editor in 0.00 ms.
Unloading 1261 Unused Serialized files (Serialized files now loaded: 0)
System memory in use before: 66.1 MB.
System memory in use after: 66.2 MB.

Unloading 6 unused Assets to reduce memory usage. Loaded Objects now: 1803.
Total: 9.531000 ms (FindLiveObjects: 0.447500 ms CreateObjectMapping: 0.134300 ms MarkObjects: 8.806900 ms  DeleteObjects: 0.133300 ms)

========================================================================
Received Prepare
Registering precompiled user dll's ...
Registered in 0.001664 seconds.
Begin MonoManager ReloadAssembly
Native extension for WindowsStandalone target not found
Native extension for WebGL target not found
Refreshing native plugins compatible for Editor in 0.55 ms, found 0 plugins.
Preloading 0 native plugins for Editor in 0.00 ms.
Invoked RoslynAnalysisRunner static constructor.
RoslynAnalysisRunner will not be running.
RoslynAnalysisRunner has terminated.
Mono: successfully reloaded assembly
- Completed reload, in  2.061 seconds
Platform modules already initialized, skipping
Refreshing native plugins compatible for Editor in 0.51 ms, found 0 plugins.
Preloading 0 native plugins for Editor in 0.00 ms.
Unloading 1261 Unused Serialized files (Serialized files now loaded: 0)
System memory in use before: 66.1 MB.
System memory in use after: 66.2 MB.

Unloading 6 unused Assets to reduce memory usage. Loaded Objects now: 1806.
Total: 5.561000 ms (FindLiveObjects: 0.669200 ms CreateObjectMapping: 0.113900 ms MarkObjects: 4.635700 ms  DeleteObjects: 0.139900 ms)

========================================================================
Received Prepare
Registering precompiled user dll's ...
Registered in 0.004123 seconds.
Begin MonoManager ReloadAssembly
Native extension for WindowsStandalone target not found
Native extension for WebGL target not found
Refreshing native plugins compatible for Editor in 0.37 ms, found 0 plugins.
Preloading 0 native plugins for Editor in 0.00 ms.
Invoked RoslynAnalysisRunner static constructor.
RoslynAnalysisRunner will not be running.
RoslynAnalysisRunner has terminated.
Mono: successfully reloaded assembly
- Completed reload, in  2.233 seconds
Platform modules already initialized, skipping
Refreshing native plugins compatible for Editor in 0.42 ms, found 0 plugins.
Preloading 0 native plugins for Editor in 0.00 ms.
Unloading 1261 Unused Serialized files (Serialized files now loaded: 0)
System memory in use before: 66.1 MB.
System memory in use after: 66.2 MB.

Unloading 6 unused Assets to reduce memory usage. Loaded Objects now: 1809.
Total: 8.486900 ms (FindLiveObjects: 0.379700 ms CreateObjectMapping: 0.088000 ms MarkObjects: 7.919400 ms  DeleteObjects: 0.097600 ms)

========================================================================
Received Prepare
Registering precompiled user dll's ...
Registered in 0.001398 seconds.
Begin MonoManager ReloadAssembly
Native extension for WindowsStandalone target not found
Native extension for WebGL target not found
Refreshing native plugins compatible for Editor in 0.41 ms, found 0 plugins.
Preloading 0 native plugins for Editor in 0.00 ms.
Invoked RoslynAnalysisRunner static constructor.
RoslynAnalysisRunner will not be running.
RoslynAnalysisRunner has terminated.
Mono: successfully reloaded assembly
- Completed reload, in  3.441 seconds
Platform modules already initialized, skipping
Refreshing native plugins compatible for Editor in 0.56 ms, found 0 plugins.
Preloading 0 native plugins for Editor in 0.00 ms.
Unloading 1261 Unused Serialized files (Serialized files now loaded: 0)
System memory in use before: 66.1 MB.
System memory in use after: 66.2 MB.

Unloading 6 unused Assets to reduce memory usage. Loaded Objects now: 1812.
Total: 8.631100 ms (FindLiveObjects: 0.674500 ms CreateObjectMapping: 0.172400 ms MarkObjects: 7.385500 ms  DeleteObjects: 0.396800 ms)

========================================================================
Received Prepare
Registering precompiled user dll's ...
Registered in 0.003142 seconds.
Begin MonoManager ReloadAssembly
Native extension for WindowsStandalone target not found
Native extension for WebGL target not found
Refreshing native plugins compatible for Editor in 1.18 ms, found 0 plugins.
Preloading 0 native plugins for Editor in 0.00 ms.
Invoked RoslynAnalysisRunner static constructor.
RoslynAnalysisRunner will not be running.
RoslynAnalysisRunner has terminated.
Mono: successfully reloaded assembly
- Completed reload, in  4.177 seconds
Platform modules already initialized, skipping
Refreshing native plugins compatible for Editor in 0.44 ms, found 0 plugins.
Preloading 0 native plugins for Editor in 0.00 ms.
Unloading 1261 Unused Serialized files (Serialized files now loaded: 0)
System memory in use before: 66.1 MB.
System memory in use after: 66.2 MB.

Unloading 6 unused Assets to reduce memory usage. Loaded Objects now: 1815.
Total: 20.278600 ms (FindLiveObjects: 1.116500 ms CreateObjectMapping: 8.352100 ms MarkObjects: 10.691900 ms  DeleteObjects: 0.115200 ms)

========================================================================
Received Prepare
Registering precompiled user dll's ...
Registered in 0.004094 seconds.
Begin MonoManager ReloadAssembly
Native extension for WindowsStandalone target not found
Native extension for WebGL target not found
Refreshing native plugins compatible for Editor in 0.42 ms, found 0 plugins.
Preloading 0 native plugins for Editor in 0.00 ms.
Invoked RoslynAnalysisRunner static constructor.
RoslynAnalysisRunner will not be running.
RoslynAnalysisRunner has terminated.
Mono: successfully reloaded assembly
- Completed reload, in  3.121 seconds
Platform modules already initialized, skipping
Refreshing native plugins compatible for Editor in 0.41 ms, found 0 plugins.
Preloading 0 native plugins for Editor in 0.00 ms.
Unloading 1261 Unused Serialized files (Serialized files now loaded: 0)
System memory in use before: 66.1 MB.
System memory in use after: 66.2 MB.

Unloading 6 unused Assets to reduce memory usage. Loaded Objects now: 1818.
Total: 6.521800 ms (FindLiveObjects: 0.685800 ms CreateObjectMapping: 0.366100 ms MarkObjects: 5.361300 ms  DeleteObjects: 0.106300 ms)

========================================================================
Received Prepare
Registering precompiled user dll's ...
Registered in 0.002171 seconds.
Begin MonoManager ReloadAssembly
Native extension for WindowsStandalone target not found
Native extension for WebGL target not found
Refreshing native plugins compatible for Editor in 0.56 ms, found 0 plugins.
Preloading 0 native plugins for Editor in 0.00 ms.
Invoked RoslynAnalysisRunner static constructor.
RoslynAnalysisRunner will not be running.
RoslynAnalysisRunner has terminated.
Mono: successfully reloaded assembly
- Completed reload, in  3.657 seconds
Platform modules already initialized, skipping
Refreshing native plugins compatible for Editor in 0.64 ms, found 0 plugins.
Preloading 0 native plugins for Editor in 0.00 ms.
Unloading 1260 Unused Serialized files (Serialized files now loaded: 0)
System memory in use before: 66.1 MB.
System memory in use after: 66.2 MB.

Unloading 6 unused Assets to reduce memory usage. Loaded Objects now: 1820.
Total: 14.148700 ms (FindLiveObjects: 0.416300 ms CreateObjectMapping: 0.097600 ms MarkObjects: 13.506700 ms  DeleteObjects: 0.124900 ms)

========================================================================
Received Prepare
Registering precompiled user dll's ...
Registered in 0.004762 seconds.
Begin MonoManager ReloadAssembly
Native extension for WindowsStandalone target not found
Native extension for WebGL target not found
Refreshing native plugins compatible for Editor in 0.44 ms, found 0 plugins.
Preloading 0 native plugins for Editor in 0.00 ms.
Invoked RoslynAnalysisRunner static constructor.
RoslynAnalysisRunner will not be running.
RoslynAnalysisRunner has terminated.
Mono: successfully reloaded assembly
- Completed reload, in  2.032 seconds
Platform modules already initialized, skipping
Refreshing native plugins compatible for Editor in 0.36 ms, found 0 plugins.
Preloading 0 native plugins for Editor in 0.00 ms.
Unloading 1260 Unused Serialized files (Serialized files now loaded: 0)
System memory in use before: 66.1 MB.
System memory in use after: 66.2 MB.

Unloading 6 unused Assets to reduce memory usage. Loaded Objects now: 1823.
Total: 4.981500 ms (FindLiveObjects: 0.673900 ms CreateObjectMapping: 0.131900 ms MarkObjects: 4.076700 ms  DeleteObjects: 0.097000 ms)

========================================================================
Received Prepare
Registering precompiled user dll's ...
Registered in 0.004886 seconds.
Begin MonoManager ReloadAssembly
Native extension for WindowsStandalone target not found
Native extension for WebGL target not found
Refreshing native plugins compatible for Editor in 0.82 ms, found 0 plugins.
Preloading 0 native plugins for Editor in 0.00 ms.
Invoked RoslynAnalysisRunner static constructor.
RoslynAnalysisRunner will not be running.
RoslynAnalysisRunner has terminated.
Mono: successfully reloaded assembly
- Completed reload, in  4.395 seconds
Platform modules already initialized, skipping
Refreshing native plugins compatible for Editor in 0.55 ms, found 0 plugins.
Preloading 0 native plugins for Editor in 0.00 ms.
Unloading 1260 Unused Serialized files (Serialized files now loaded: 0)
System memory in use before: 66.1 MB.
System memory in use after: 66.2 MB.

Unloading 6 unused Assets to reduce memory usage. Loaded Objects now: 1826.
Total: 10.048000 ms (FindLiveObjects: 0.551400 ms CreateObjectMapping: 0.107000 ms MarkObjects: 9.279200 ms  DeleteObjects: 0.107600 ms)

